<?xml version="1.0" encoding="UTF-8"?>
<!-- Generated by org.testng.reporters.JUnitXMLReporter -->
<testsuite hostname="IN-IT0281" ignored="3" name="Default test" tests="1" failures="0" timestamp="14 Mar 2020 09:10:26 GMT" time="3.746" errors="0">
  <testcase name="test_03" time="0.77" classname="test.SessionTracker"/>
  <testcase name="test_02" time="0.0" classname="test.SessionTracker">
    <ignored/>
  </testcase> <!-- test_02 -->
  <testcase name="test_01" time="0.0" classname="test.SessionTracker">
    <ignored/>
  </testcase> <!-- test_01 -->
  <testcase name="verifyPageTitle" time="0.0" classname="test.SessionTracker">
    <ignored/>
  </testcase> <!-- verifyPageTitle -->
</testsuite> <!-- Default test -->
