<?xml version="1.0" encoding="UTF-8"?>
<testng-results skipped="0" failed="0" ignored="3" total="4" passed="1">
  <reporter-output>
  </reporter-output>
  <suite name="Default suite" duration-ms="3746" started-at="2020-03-14T09:10:22Z" finished-at="2020-03-14T09:10:25Z">
    <groups>
    </groups>
    <test name="Default test" duration-ms="3746" started-at="2020-03-14T09:10:22Z" finished-at="2020-03-14T09:10:25Z">
      <class name="test.SessionTracker">
        <test-method status="PASS" signature="setUp()[pri:0, instance:test.SessionTracker@14008db3]" name="setUp" is-config="true" duration-ms="1958" started-at="2020-03-14T09:10:22Z" finished-at="2020-03-14T09:10:24Z">
          <reporter-output>
          </reporter-output>
        </test-method> <!-- setUp -->
        <test-method status="PASS" signature="test_03()[pri:0, instance:test.SessionTracker@14008db3]" name="test_03" duration-ms="770" started-at="2020-03-14T09:10:24Z" finished-at="2020-03-14T09:10:24Z">
          <reporter-output>
          </reporter-output>
        </test-method> <!-- test_03 -->
        <test-method status="PASS" signature="tearDown()[pri:0, instance:test.SessionTracker@14008db3]" name="tearDown" is-config="true" duration-ms="980" started-at="2020-03-14T09:10:24Z" finished-at="2020-03-14T09:10:25Z">
          <reporter-output>
          </reporter-output>
        </test-method> <!-- tearDown -->
      </class> <!-- test.SessionTracker -->
    </test> <!-- Default test -->
  </suite> <!-- Default suite -->
</testng-results>
